mode: atomic
github.com/matir/webborer/worker/htmlworker.go:37.62,39.2 1 3
github.com/matir/webborer/worker/htmlworker.go:42.59,46.26 4 1
github.com/matir/webborer/worker/htmlworker.go:59.2,59.23 1 1
github.com/matir/webborer/worker/htmlworker.go:46.26,48.17 2 4
github.com/matir/webborer/worker/htmlworker.go:53.3,57.66 3 4
github.com/matir/webborer/worker/htmlworker.go:48.17,50.12 2 0
github.com/matir/webborer/worker/htmlworker.go:63.55,65.40 2 0
github.com/matir/webborer/worker/htmlworker.go:69.2,69.103 1 0
github.com/matir/webborer/worker/htmlworker.go:65.40,67.3 1 0
github.com/matir/webborer/worker/htmlworker.go:73.54,75.16 2 1
github.com/matir/webborer/worker/htmlworker.go:79.2,83.34 5 1
github.com/matir/webborer/worker/htmlworker.go:75.16,78.3 2 0
github.com/matir/webborer/worker/htmlworker.go:86.70,89.37 3 4
github.com/matir/webborer/worker/htmlworker.go:97.2,98.16 2 4
github.com/matir/webborer/worker/htmlworker.go:89.37,90.74 1 64
github.com/matir/webborer/worker/htmlworker.go:93.3,93.57 1 64
github.com/matir/webborer/worker/htmlworker.go:90.74,92.4 1 4
github.com/matir/webborer/worker/htmlworker.go:93.57,95.4 1 60
github.com/matir/webborer/worker/htmlworker.go:101.68,102.30 1 4
github.com/matir/webborer/worker/htmlworker.go:107.2,107.12 1 0
github.com/matir/webborer/worker/htmlworker.go:102.30,103.41 1 4
github.com/matir/webborer/worker/htmlworker.go:103.41,105.4 1 4
github.com/matir/webborer/worker/htmlworker.go:110.83,112.57 2 4
github.com/matir/webborer/worker/htmlworker.go:117.2,117.16 1 4
github.com/matir/webborer/worker/htmlworker.go:112.57,113.59 1 4
github.com/matir/webborer/worker/htmlworker.go:113.59,115.4 1 4
github.com/matir/webborer/worker/worker.go:75.39,88.67 2 3
github.com/matir/webborer/worker/worker.go:92.2,94.10 2 3
github.com/matir/webborer/worker/worker.go:88.67,91.3 2 0
github.com/matir/webborer/worker/worker.go:97.47,99.2 1 3
github.com/matir/webborer/worker/worker.go:103.24,104.15 1 2
github.com/matir/webborer/worker/worker.go:107.2,107.11 1 2
github.com/matir/webborer/worker/worker.go:104.15,106.3 1 2
github.com/matir/webborer/worker/worker.go:107.11,108.10 1 4
github.com/matir/webborer/worker/worker.go:109.17,110.10 1 1
github.com/matir/webborer/worker/worker.go:111.28,112.11 1 3
github.com/matir/webborer/worker/worker.go:115.4,115.21 1 2
github.com/matir/webborer/worker/worker.go:112.11,114.5 1 1
github.com/matir/webborer/worker/worker.go:120.36,122.2 1 2
github.com/matir/webborer/worker/worker.go:124.25,126.2 1 1
github.com/matir/webborer/worker/worker.go:128.25,130.2 1 2
github.com/matir/webborer/worker/worker.go:132.43,135.26 3 3
github.com/matir/webborer/worker/worker.go:150.2,150.11 1 3
github.com/matir/webborer/worker/worker.go:135.26,136.17 1 1
github.com/matir/webborer/worker/worker.go:139.3,139.34 1 1
github.com/matir/webborer/worker/worker.go:136.17,138.4 1 1
github.com/matir/webborer/worker/worker.go:139.34,140.46 1 1
github.com/matir/webborer/worker/worker.go:140.46,143.24 3 2
github.com/matir/webborer/worker/worker.go:143.24,145.6 1 2
github.com/matir/webborer/worker/worker.go:153.46,154.24 1 4
github.com/matir/webborer/worker/worker.go:157.2,159.16 3 4
github.com/matir/webborer/worker/worker.go:162.2,164.43 3 4
github.com/matir/webborer/worker/worker.go:154.24,156.3 1 0
github.com/matir/webborer/worker/worker.go:159.16,161.3 1 0
github.com/matir/webborer/worker/worker.go:164.43,168.3 3 16
github.com/matir/webborer/worker/worker.go:171.45,175.74 4 23
github.com/matir/webborer/worker/worker.go:208.2,208.31 1 23
github.com/matir/webborer/worker/worker.go:211.2,211.18 1 23
github.com/matir/webborer/worker/worker.go:175.74,177.18 2 3
github.com/matir/webborer/worker/worker.go:180.3,180.20 1 3
github.com/matir/webborer/worker/worker.go:177.18,179.4 1 0
github.com/matir/webborer/worker/worker.go:181.3,184.62 2 20
github.com/matir/webborer/worker/worker.go:188.3,188.21 1 20
github.com/matir/webborer/worker/worker.go:192.3,192.57 1 20
github.com/matir/webborer/worker/worker.go:195.3,196.21 2 20
github.com/matir/webborer/worker/worker.go:199.3,206.47 2 20
github.com/matir/webborer/worker/worker.go:184.62,187.4 2 1
github.com/matir/webborer/worker/worker.go:188.21,191.4 2 0
github.com/matir/webborer/worker/worker.go:192.57,194.4 1 0
github.com/matir/webborer/worker/worker.go:196.21,198.4 1 0
github.com/matir/webborer/worker/worker.go:208.31,210.3 1 0
github.com/matir/webborer/worker/worker.go:215.47,216.43 1 21
github.com/matir/webborer/worker/worker.go:221.2,221.14 1 0
github.com/matir/webborer/worker/worker.go:216.43,217.16 1 21
github.com/matir/webborer/worker/worker.go:217.16,219.4 1 21
github.com/matir/webborer/worker/worker.go:230.41,233.29 3 1
github.com/matir/webborer/worker/worker.go:240.2,240.16 1 1
github.com/matir/webborer/worker/worker.go:233.29,236.25 3 2
github.com/matir/webborer/worker/worker.go:236.25,238.4 1 2
github.com/matir/webborer/worker/worker.go:244.39,252.35 3 5
github.com/matir/webborer/worker/worker.go:255.2,255.12 1 5
github.com/matir/webborer/worker/worker.go:252.35,254.3 1 20
